> Task :clean

> Task :compileJava
Note: Some input files use unchecked or unsafe operations.
Note: Recompile with -Xlint:unchecked for details.

> Task :processResources
> Task :classes
> Task :jar
> Task :startScripts
> Task :distTar
> Task :distZip
> Task :shadowJar
> Task :startShadowScripts
> Task :shadowDistTar
> Task :shadowDistZip
> Task :assemble
> Task :generateCheckstyleConfiguration
> Task :compileTestJava
> Task :processTestResources NO-SOURCE
> Task :testClasses
> Task :cpdCheck SKIPPED
> Task :populateDefaultSpotBugsExcludes

> Task :test

TestAll > testMoveFactory() STARTED

TestAll > testMoveFactory() PASSED

TestAll > testBattleEngine() STARTED

TestAll > testBattleEngine() PASSED

TestAll > testAllItemEffect() STARTED

TestAll > testAllItemEffect() PASSED

TestAll > testAi() STARTED

TestAll > testAi() PASSED

TestAll > testPlayerTrainer() STARTED

TestAll > testPlayerTrainer() PASSED

TestAll > testGenerateEnemy() STARTED

TestAll > testGenerateEnemy() PASSED

TestAll > testBattleRewards() STARTED

TestAll > testBattleRewards() PASSED

TestAll > testEffectivenessCalculator() STARTED

TestAll > testEffectivenessCalculator() PASSED

TestAll > testMoveCopy() STARTED

TestAll > testMoveCopy() PASSED

TestAll > testAbilityFactory() STARTED

TestAll > testAbilityFactory() PASSED

TestAll > testAllAbilityEffect() STARTED

TestAll > testAllAbilityEffect() PASSED

TestAll > testAllMovesEffect() STARTED

TestAll > testAllMovesEffect() PASSED

> Task :checkstyleMain
[ant:checkstyle] [ERROR] C:\Users\Pietro\Desktop\provaproge\OOP24-Poke-Rogue\src\main\java\it\unibo\pokerogue\controller\api\EffectParser.java:21:1: File contains tab characters (this is the first instance). [FileTabCharacter]
[ant:checkstyle] [ERROR] C:\Users\Pietro\Desktop\provaproge\OOP24-Poke-Rogue\src\main\java\it\unibo\pokerogue\controller\api\GameEngine.java:25:1: File contains tab characters (this is the first instance). [FileTabCharacter]
[ant:checkstyle] [ERROR] C:\Users\Pietro\Desktop\provaproge\OOP24-Poke-Rogue\src\main\java\it\unibo\pokerogue\controller\api\scene\Scene.java:35:1: File contains tab characters (this is the first instance). [FileTabCharacter]

> Task :spotbugsTest

> Task :checkstyleTest
[ant:checkstyle] [ERROR] C:\Users\Pietro\Desktop\provaproge\OOP24-Poke-Rogue\src\test\java\it\unibo\pokerogue\TestAll.java:44:47: Using the '.*' form of import should be avoided - org.junit.jupiter.api.Assertions.*. [AvoidStarImport]
[ant:checkstyle] [ERROR] C:\Users\Pietro\Desktop\provaproge\OOP24-Poke-Rogue\src\test\java\it\unibo\pokerogue\TestAll.java:50:1: File contains tab characters (this is the first instance). [FileTabCharacter]
[ant:checkstyle] [ERROR] C:\Users\Pietro\Desktop\provaproge\OOP24-Poke-Rogue\src\test\java\it\unibo\pokerogue\TestAll.java:95:17: 'try' is not followed by whitespace. [WhitespaceAfter]
[ant:checkstyle] [ERROR] C:\Users\Pietro\Desktop\provaproge\OOP24-Poke-Rogue\src\test\java\it\unibo\pokerogue\TestAll.java:95:17: 'try' is not followed by whitespace. [WhitespaceAround]
[ant:checkstyle] [ERROR] C:\Users\Pietro\Desktop\provaproge\OOP24-Poke-Rogue\src\test\java\it\unibo\pokerogue\TestAll.java:95:20: '{' is not preceded with whitespace. [WhitespaceAround]
[ant:checkstyle] [ERROR] C:\Users\Pietro\Desktop\provaproge\OOP24-Poke-Rogue\src\test\java\it\unibo\pokerogue\TestAll.java:97:19: 'catch' is not followed by whitespace. [WhitespaceAfter]
[ant:checkstyle] [ERROR] C:\Users\Pietro\Desktop\provaproge\OOP24-Poke-Rogue\src\test\java\it\unibo\pokerogue\TestAll.java:97:19: 'catch' is not followed by whitespace. [WhitespaceAround]
[ant:checkstyle] [ERROR] C:\Users\Pietro\Desktop\provaproge\OOP24-Poke-Rogue\src\test\java\it\unibo\pokerogue\TestAll.java:97:35: Variable 'e' should be declared final. [FinalLocalVariable]
[ant:checkstyle] [ERROR] C:\Users\Pietro\Desktop\provaproge\OOP24-Poke-Rogue\src\test\java\it\unibo\pokerogue\TestAll.java:97:37: '{' is not preceded with whitespace. [WhitespaceAround]

> Task :checkstyleTest FAILED
C:\Users\Pietro\Desktop\provaproge\OOP24-Poke-Rogue\src\test\java\it\unibo\pokerogue\TestAll.java:49:	JUnit5TestShouldBePackagePrivate:	JUnit 5 tests should be package-private.
C:\Users\Pietro\Desktop\provaproge\OOP24-Poke-Rogue\src\test\java\it\unibo\pokerogue\TestAll.java:57:	UnusedPrivateMethod:	Avoid unused private methods such as 'resetSingletons()'.
C:\Users\Pietro\Desktop\provaproge\OOP24-Poke-Rogue\src\test\java\it\unibo\pokerogue\TestAll.java:96:	AvoidDuplicateLiterals:	The String literal "absorb" appears 7 times in this file; the first occurrence is on line 96
C:\Users\Pietro\Desktop\provaproge\OOP24-Poke-Rogue\src\test\java\it\unibo\pokerogue\TestAll.java:97:	AvoidCatchingGenericException:	Avoid catching generic exceptions such as NullPointerException, RuntimeException, Exception in try-catch block
C:\Users\Pietro\Desktop\provaproge\OOP24-Poke-Rogue\src\test\java\it\unibo\pokerogue\TestAll.java:98:	AvoidPrintStackTrace:	Avoid printStackTrace(); use a logger call instead.
C:\Users\Pietro\Desktop\provaproge\OOP24-Poke-Rogue\src\test\java\it\unibo\pokerogue\TestAll.java:110:	SimplifiableTestAssertion:	Assertion may be simplified using assertFalse
C:\Users\Pietro\Desktop\provaproge\OOP24-Poke-Rogue\src\test\java\it\unibo\pokerogue\TestAll.java:209:	AvoidDuplicateLiterals:	The String literal "charmander" appears 4 times in this file; the first occurrence is on line 209
> Task :pmdTest FAILED
C:\Users\Pietro\Desktop\provaproge\OOP24-Poke-Rogue\src\main\java\it\unibo\pokerogue\Main.java:40:	AvoidPrintStackTrace:	Avoid printStackTrace(); use a logger call instead.

> Task :checkstyleMain
[ant:checkstyle] [ERROR] C:\Users\Pietro\Desktop\provaproge\OOP24-Poke-Rogue\src\main\java\it\unibo\pokerogue\controller\impl\EffectParserImpl.java:30:1: File contains tab characters (this is the first instance). [FileTabCharacter]
[ant:checkstyle] [ERROR] C:\Users\Pietro\Desktop\provaproge\OOP24-Poke-Rogue\src\main\java\it\unibo\pokerogue\controller\impl\InputHandlerImpl.java:17:1: File contains tab characters (this is the first instance). [FileTabCharacter]
[ant:checkstyle] [ERROR] C:\Users\Pietro\Desktop\provaproge\OOP24-Poke-Rogue\src\main\java\it\unibo\pokerogue\controller\impl\scene\SceneBox.java:81:9: Class 'SceneBox' looks like designed for extension (can be subclassed), but the method 'updateStatus' does not have javadoc that explains how to do that safely. If class is not designed for extension consider making the class 'SceneBox' final or making the method 'updateStatus' static/final/abstract/empty, or adding allowed annotation for the method. [DesignForExtension]
[ant:checkstyle] [ERROR] C:\Users\Pietro\Desktop\provaproge\OOP24-Poke-Rogue\src\main\java\it\unibo\pokerogue\controller\impl\scene\SceneInfo.java:103:94: ',' is not followed by whitespace. [WhitespaceAfter]
[ant:checkstyle] [ERROR] C:\Users\Pietro\Desktop\provaproge\OOP24-Poke-Rogue\src\main\java\it\unibo\pokerogue\controller\impl\scene\SceneMenu.java:123:1: File contains tab characters (this is the first instance). [FileTabCharacter]
[ant:checkstyle] [ERROR] C:\Users\Pietro\Desktop\provaproge\OOP24-Poke-Rogue\src\main\java\it\unibo\pokerogue\controller\impl\scene\SceneMove.java:142:80: ',' is not followed by whitespace. [WhitespaceAfter]
[ant:checkstyle] [ERROR] C:\Users\Pietro\Desktop\provaproge\OOP24-Poke-Rogue\src\main\java\it\unibo\pokerogue\controller\impl\scene\SceneMove.java:142:103: ',' is not followed by whitespace. [WhitespaceAfter]
[ant:checkstyle] [ERROR] C:\Users\Pietro\Desktop\provaproge\OOP24-Poke-Rogue\src\main\java\it\unibo\pokerogue\Main.java:18:1: File contains tab characters (this is the first instance). [FileTabCharacter]
[ant:checkstyle] [ERROR] C:\Users\Pietro\Desktop\provaproge\OOP24-Poke-Rogue\src\main\java\it\unibo\pokerogue\model\api\ability\Ability.java:12:1: File contains tab characters (this is the first instance). [FileTabCharacter]
[ant:checkstyle] [ERROR] C:\Users\Pietro\Desktop\provaproge\OOP24-Poke-Rogue\src\main\java\it\unibo\pokerogue\model\api\ability\AbilityFactory.java:8:1: File contains tab characters (this is the first instance). [FileTabCharacter]
[ant:checkstyle] [ERROR] C:\Users\Pietro\Desktop\provaproge\OOP24-Poke-Rogue\src\main\java\it\unibo\pokerogue\model\api\DataExtractor.java:12:1: File contains tab characters (this is the first instance). [FileTabCharacter]
[ant:checkstyle] [ERROR] C:\Users\Pietro\Desktop\provaproge\OOP24-Poke-Rogue\src\main\java\it\unibo\pokerogue\model\api\GenerateEnemy.java:18:1: File contains tab characters (this is the first instance). [FileTabCharacter]
[ant:checkstyle] [ERROR] C:\Users\Pietro\Desktop\provaproge\OOP24-Poke-Rogue\src\main\java\it\unibo\pokerogue\model\api\move\Move.java:19:1: File contains tab characters (this is the first instance). [FileTabCharacter]
[ant:checkstyle] [ERROR] C:\Users\Pietro\Desktop\provaproge\OOP24-Poke-Rogue\src\main\java\it\unibo\pokerogue\model\api\move\MoveFactory.java:8:1: File contains tab characters (this is the first instance). [FileTabCharacter]
[ant:checkstyle] [ERROR] C:\Users\Pietro\Desktop\provaproge\OOP24-Poke-Rogue\src\main\java\it\unibo\pokerogue\model\api\pokemon\Pokemon.java:20:1: File contains tab characters (this is the first instance). [FileTabCharacter]
[ant:checkstyle] [ERROR] C:\Users\Pietro\Desktop\provaproge\OOP24-Poke-Rogue\src\main\java\it\unibo\pokerogue\model\api\pokemon\PokemonBlueprint.java:30:1: File contains tab characters (this is the first instance). [FileTabCharacter]
[ant:checkstyle] [ERROR] C:\Users\Pietro\Desktop\provaproge\OOP24-Poke-Rogue\src\main\java\it\unibo\pokerogue\model\api\pokemon\PokemonImpl.java:30:1: File contains tab characters (this is the first instance). [FileTabCharacter]
[ant:checkstyle] [ERROR] C:\Users\Pietro\Desktop\provaproge\OOP24-Poke-Rogue\src\main\java\it\unibo\pokerogue\model\api\SavingSystem.java:15:1: File contains tab characters (this is the first instance). [FileTabCharacter]
[ant:checkstyle] [ERROR] C:\Users\Pietro\Desktop\provaproge\OOP24-Poke-Rogue\src\main\java\it\unibo\pokerogue\model\api\trainer\PlayerTrainer.java:3: First sentence should end with a period. [JavadocStyle]
[ant:checkstyle] [ERROR] C:\Users\Pietro\Desktop\provaproge\OOP24-Poke-Rogue\src\main\java\it\unibo\pokerogue\model\api\trainer\Trainer.java:15:1: File contains tab characters (this is the first instance). [FileTabCharacter]
[ant:checkstyle] [ERROR] C:\Users\Pietro\Desktop\provaproge\OOP24-Poke-Rogue\src\main\java\it\unibo\pokerogue\model\enums\AbilitySituationChecks.java:8:1: File contains tab characters (this is the first instance). [FileTabCharacter]
[ant:checkstyle] [ERROR] C:\Users\Pietro\Desktop\provaproge\OOP24-Poke-Rogue\src\main\java\it\unibo\pokerogue\model\enums\Nature.java:15:1: File contains tab characters (this is the first instance). [FileTabCharacter]
[ant:checkstyle] [ERROR] C:\Users\Pietro\Desktop\provaproge\OOP24-Poke-Rogue\src\main\java\it\unibo\pokerogue\model\enums\Type.java:7:1: File contains tab characters (this is the first instance). [FileTabCharacter]
[ant:checkstyle] [ERROR] C:\Users\Pietro\Desktop\provaproge\OOP24-Poke-Rogue\src\main\java\it\unibo\pokerogue\model\enums\TypeColors.java:10:1: File contains tab characters (this is the first instance). [FileTabCharacter]
[ant:checkstyle] [ERROR] C:\Users\Pietro\Desktop\provaproge\OOP24-Poke-Rogue\src\main\java\it\unibo\pokerogue\model\enums\Weather.java:8:1: File contains tab characters (this is the first instance). [FileTabCharacter]
[ant:checkstyle] [ERROR] C:\Users\Pietro\Desktop\provaproge\OOP24-Poke-Rogue\src\main\java\it\unibo\pokerogue\model\impl\AbilityFactoryImpl.java:25:1: File contains tab characters (this is the first instance). [FileTabCharacter]
[ant:checkstyle] [ERROR] C:\Users\Pietro\Desktop\provaproge\OOP24-Poke-Rogue\src\main\java\it\unibo\pokerogue\model\impl\DataExtractorImpl.java:27:1: File contains tab characters (this is the first instance). [FileTabCharacter]
[ant:checkstyle] [ERROR] C:\Users\Pietro\Desktop\provaproge\OOP24-Poke-Rogue\src\main\java\it\unibo\pokerogue\model\impl\GraphicElementsRegistryImpl.java:77:1: File contains tab characters (this is the first instance). [FileTabCharacter]
[ant:checkstyle] [ERROR] C:\Users\Pietro\Desktop\provaproge\OOP24-Poke-Rogue\src\main\java\it\unibo\pokerogue\model\impl\MoveFactoryImpl.java:26:1: File contains tab characters (this is the first instance). [FileTabCharacter]
[ant:checkstyle] [ERROR] C:\Users\Pietro\Desktop\provaproge\OOP24-Poke-Rogue\src\main\java\it\unibo\pokerogue\model\impl\pokemon\PokemonFactory.java:14:1: File contains tab characters (this is the first instance). [FileTabCharacter]
[ant:checkstyle] [ERROR] C:\Users\Pietro\Desktop\provaproge\OOP24-Poke-Rogue\src\main\java\it\unibo\pokerogue\model\impl\pokemon\PokemonFactoryImpl.java:36:1: File contains tab characters (this is the first instance). [FileTabCharacter]
[ant:checkstyle] [ERROR] C:\Users\Pietro\Desktop\provaproge\OOP24-Poke-Rogue\src\main\java\it\unibo\pokerogue\model\impl\RangeImpl.java:92: Javadoc comment at column 27 has parse error. Missed HTML close tag 'T'. Sometimes it means that close tag missed for one of previous tags. [MissingDeprecated]
[ant:checkstyle] [ERROR] C:\Users\Pietro\Desktop\provaproge\OOP24-Poke-Rogue\src\main\java\it\unibo\pokerogue\model\impl\SavingSystemImpl.java:23:1: File contains tab characters (this is the first instance). [FileTabCharacter]
[ant:checkstyle] [ERROR] C:\Users\Pietro\Desktop\provaproge\OOP24-Poke-Rogue\src\main\java\it\unibo\pokerogue\utilities\api\JsonReader.java:12:1: File contains tab characters (this is the first instance). [FileTabCharacter]
[ant:checkstyle] [ERROR] C:\Users\Pietro\Desktop\provaproge\OOP24-Poke-Rogue\src\main\java\it\unibo\pokerogue\utilities\impl\JsonReaderImpl.java:22:1: File contains tab characters (this is the first instance). [FileTabCharacter]
[ant:checkstyle] [ERROR] C:\Users\Pietro\Desktop\provaproge\OOP24-Poke-Rogue\src\main\java\it\unibo\pokerogue\utilities\impl\JsonReaderImpl.java:65:22: Redundant 'final' modifier. [RedundantModifier]
[ant:checkstyle] [ERROR] C:\Users\Pietro\Desktop\provaproge\OOP24-Poke-Rogue\src\main\java\it\unibo\pokerogue\utilities\SceneShopUtilities.java:88:8: Unused @param tag for 'itemFactory'. [JavadocMethod]
[ant:checkstyle] [ERROR] C:\Users\Pietro\Desktop\provaproge\OOP24-Poke-Rogue\src\main\java\it\unibo\pokerogue\view\impl\scene\SceneInfoView.java:33: Line is longer than 130 characters (found 133). [LineLength]
[ant:checkstyle] [ERROR] C:\Users\Pietro\Desktop\provaproge\OOP24-Poke-Rogue\src\main\java\it\unibo\pokerogue\view\impl\scene\SceneInfoView.java:33:66: ',' is not followed by whitespace. [WhitespaceAfter]
[ant:checkstyle] [ERROR] C:\Users\Pietro\Desktop\provaproge\OOP24-Poke-Rogue\src\main\java\it\unibo\pokerogue\view\impl\scene\SceneInfoView.java:33:97: Expected @param tag for 'graphicElements'. [JavadocMethod]
[ant:checkstyle] [ERROR] C:\Users\Pietro\Desktop\provaproge\OOP24-Poke-Rogue\src\main\java\it\unibo\pokerogue\view\impl\scene\SceneMoveView.java:36:12: Unused @param tag for 'currentSceneGraphicElements'. [JavadocMethod]
[ant:checkstyle] [ERROR] C:\Users\Pietro\Desktop\provaproge\OOP24-Poke-Rogue\src\main\java\it\unibo\pokerogue\view\impl\scene\SceneMoveView.java:38:12: Unused @param tag for 'allPanelsElements'. [JavadocMethod]
[ant:checkstyle] [ERROR] C:\Users\Pietro\Desktop\provaproge\OOP24-Poke-Rogue\src\main\java\it\unibo\pokerogue\view\impl\scene\SceneMoveView.java:39:12: Unused @param tag for 'graphicElements'. [JavadocMethod]
[ant:checkstyle] [ERROR] C:\Users\Pietro\Desktop\provaproge\OOP24-Poke-Rogue\src\main\java\it\unibo\pokerogue\view\impl\scene\SceneMoveView.java:53:77: Expected @param tag for 'currentSceneGraphicElements'. [JavadocMethod]
[ant:checkstyle] [ERROR] C:\Users\Pietro\Desktop\provaproge\OOP24-Poke-Rogue\src\main\java\it\unibo\pokerogue\view\impl\scene\SceneMoveView.java:54:61: Expected @param tag for 'allPanelsElements'. [JavadocMethod]
[ant:checkstyle] [ERROR] C:\Users\Pietro\Desktop\provaproge\OOP24-Poke-Rogue\src\main\java\it\unibo\pokerogue\view\impl\scene\SceneMoveView.java:55:55: Expected @param tag for 'graphicElements'. [JavadocMethod]
[ant:checkstyle] [ERROR] C:\Users\Pietro\Desktop\provaproge\OOP24-Poke-Rogue\src\main\java\it\unibo\pokerogue\view\impl\scene\shop\SceneShopInitView.java:30:12: Unused @param tag for 'sceneGraphicElements'. [JavadocMethod]
[ant:checkstyle] [ERROR] C:\Users\Pietro\Desktop\provaproge\OOP24-Poke-Rogue\src\main\java\it\unibo\pokerogue\view\impl\scene\shop\SceneShopInitView.java:31:12: Unused @param tag for 'graphicElements'. [JavadocMethod]
[ant:checkstyle] [ERROR] C:\Users\Pietro\Desktop\provaproge\OOP24-Poke-Rogue\src\main\java\it\unibo\pokerogue\view\impl\scene\shop\SceneShopInitView.java:32:12: Unused @param tag for 'allPanelsElements'. [JavadocMethod]
[ant:checkstyle] [ERROR] C:\Users\Pietro\Desktop\provaproge\OOP24-Poke-Rogue\src\main\java\it\unibo\pokerogue\view\impl\scene\shop\SceneShopUpdateView.java:40:12: Unused @param tag for 'currentSceneGraphicElements'. [JavadocMethod]
[ant:checkstyle] [ERROR] C:\Users\Pietro\Desktop\provaproge\OOP24-Poke-Rogue\src\main\java\it\unibo\pokerogue\view\impl\scene\shop\SceneShopUpdateView.java:42:12: Unused @param tag for 'graphicElements'. [JavadocMethod]
[ant:checkstyle] [ERROR] C:\Users\Pietro\Desktop\provaproge\OOP24-Poke-Rogue\src\main\java\it\unibo\pokerogue\view\impl\scene\shop\SceneShopUpdateView.java:44:12: Unused @param tag for 'allPanelsElements'. [JavadocMethod]
[ant:checkstyle] [ERROR] C:\Users\Pietro\Desktop\provaproge\OOP24-Poke-Rogue\src\main\java\it\unibo\pokerogue\view\impl\scene\shop\SceneShopUpdateView.java:47:12: Unused @param tag for 'sceneInstance'. [JavadocMethod]
[ant:checkstyle] [ERROR] C:\Users\Pietro\Desktop\provaproge\OOP24-Poke-Rogue\src\main\java\it\unibo\pokerogue\view\impl\scene\shop\SceneShopUpdateView.java:49:12: Unused @param tag for 'graphicElementNameToInt'. [JavadocMethod]
[ant:checkstyle] [ERROR] C:\Users\Pietro\Desktop\provaproge\OOP24-Poke-Rogue\src\main\java\it\unibo\pokerogue\view\impl\scene\shop\SceneShopUpdateView.java:68:55: Expected @param tag for 'currentSceneGraphicElements'. [JavadocMethod]
[ant:checkstyle] [ERROR] C:\Users\Pietro\Desktop\provaproge\OOP24-Poke-Rogue\src\main\java\it\unibo\pokerogue\view\impl\scene\shop\SceneShopUpdateView.java:69:55: Expected @param tag for 'graphicElements'. [JavadocMethod]
[ant:checkstyle] [ERROR] C:\Users\Pietro\Desktop\provaproge\OOP24-Poke-Rogue\src\main\java\it\unibo\pokerogue\view\impl\scene\shop\SceneShopUpdateView.java:70:61: Expected @param tag for 'allPanelsElements'. [JavadocMethod]
[ant:checkstyle] [ERROR] C:\Users\Pietro\Desktop\provaproge\OOP24-Poke-Rogue\src\main\java\it\unibo\pokerogue\view\impl\scene\shop\SceneShopUpdateView.java:71:52: Expected @param tag for 'graphicElementNameToInt'. [JavadocMethod]
[ant:checkstyle] [ERROR] C:\Users\Pietro\Desktop\provaproge\OOP24-Poke-Rogue\src\main\java\it\unibo\pokerogue\view\impl\scene\shop\SceneShopUpdateView.java:71:93: Expected @param tag for 'sceneInstance'. [JavadocMethod]
[ant:checkstyle] [ERROR] C:\Users\Pietro\Desktop\provaproge\OOP24-Poke-Rogue\src\main\java\it\unibo\pokerogue\view\impl\scene\shop\SceneShopUpdateView.java:88:75: Expected @param tag for 'currentSceneGraphicElements'. [JavadocMethod]
[ant:checkstyle] [ERROR] C:\Users\Pietro\Desktop\provaproge\OOP24-Poke-Rogue\src\main\java\it\unibo\pokerogue\view\impl\scene\shop\SceneShopUpdateView.java:89:55: Expected @param tag for 'graphicElements'. [JavadocMethod]
[ant:checkstyle] [ERROR] C:\Users\Pietro\Desktop\provaproge\OOP24-Poke-Rogue\src\main\java\it\unibo\pokerogue\view\impl\scene\shop\SceneShopUpdateView.java:90:61: Expected @param tag for 'allPanelsElements'. [JavadocMethod]
[ant:checkstyle] [ERROR] C:\Users\Pietro\Desktop\provaproge\OOP24-Poke-Rogue\src\main\java\it\unibo\pokerogue\view\impl\scene\shop\SceneShopUpdateView.java:91:52: Expected @param tag for 'graphicElementNameToInt'. [JavadocMethod]
[ant:checkstyle] [ERROR] C:\Users\Pietro\Desktop\provaproge\OOP24-Poke-Rogue\src\main\java\it\unibo\pokerogue\view\impl\scene\shop\SceneShopUpdateView.java:91:93: Expected @param tag for 'sceneInstance'. [JavadocMethod]
[ant:checkstyle] [ERROR] C:\Users\Pietro\Desktop\provaproge\OOP24-Poke-Rogue\src\main\java\it\unibo\pokerogue\view\impl\scene\shop\SceneShopView.java:27:8: Unused @param tag for 'graphicElements'. [JavadocMethod]
[ant:checkstyle] [ERROR] C:\Users\Pietro\Desktop\provaproge\OOP24-Poke-Rogue\src\main\java\it\unibo\pokerogue\view\impl\scene\shop\SceneShopView.java:29:8: Unused @param tag for 'sceneGraphicElements'. [JavadocMethod]
[ant:checkstyle] [ERROR] C:\Users\Pietro\Desktop\provaproge\OOP24-Poke-Rogue\src\main\java\it\unibo\pokerogue\view\impl\scene\shop\SceneShopView.java:31:8: Unused @param tag for 'graphicElements'. [JavadocMethod]
[ant:checkstyle] [ERROR] C:\Users\Pietro\Desktop\provaproge\OOP24-Poke-Rogue\src\main\java\it\unibo\pokerogue\view\impl\scene\shop\SceneShopView.java:33:8: Unused @param tag for 'allPanelsElements'. [JavadocMethod]
[ant:checkstyle] [ERROR] C:\Users\Pietro\Desktop\provaproge\OOP24-Poke-Rogue\src\main\java\it\unibo\pokerogue\view\impl\scene\shop\SceneShopView.java:34:8: Unused @param tag for 'itemFactoryImpl'. [JavadocMethod]
[ant:checkstyle] [ERROR] C:\Users\Pietro\Desktop\provaproge\OOP24-Poke-Rogue\src\main\java\it\unibo\pokerogue\view\impl\scene\shop\SceneShopView.java:38:8: Unused @param tag for 'scene'. [JavadocMethod]
[ant:checkstyle] [ERROR] C:\Users\Pietro\Desktop\provaproge\OOP24-Poke-Rogue\src\main\java\it\unibo\pokerogue\view\impl\scene\shop\SceneShopView.java:40:8: Unused @param tag for 'graphicElementNameToInt'. [JavadocMethod]
[ant:checkstyle] [ERROR] C:\Users\Pietro\Desktop\provaproge\OOP24-Poke-Rogue\src\main\java\it\unibo\pokerogue\view\impl\scene\shop\SceneShopView.java:62:98: Expected @param tag for 'sceneGraphicElements'. [JavadocMethod]
[ant:checkstyle] [ERROR] C:\Users\Pietro\Desktop\provaproge\OOP24-Poke-Rogue\src\main\java\it\unibo\pokerogue\view\impl\scene\shop\SceneShopView.java:63:43: Expected @param tag for 'graphicElements'. [JavadocMethod]
[ant:checkstyle] [ERROR] C:\Users\Pietro\Desktop\provaproge\OOP24-Poke-Rogue\src\main\java\it\unibo\pokerogue\view\impl\scene\shop\SceneShopView.java:77:43: Expected @param tag for 'sceneGraphicElements'. [JavadocMethod]
[ant:checkstyle] [ERROR] C:\Users\Pietro\Desktop\provaproge\OOP24-Poke-Rogue\src\main\java\it\unibo\pokerogue\view\impl\scene\shop\SceneShopView.java:78:43: Expected @param tag for 'graphicElements'. [JavadocMethod]
[ant:checkstyle] [ERROR] C:\Users\Pietro\Desktop\provaproge\OOP24-Poke-Rogue\src\main\java\it\unibo\pokerogue\view\impl\scene\shop\SceneShopView.java:78:96: Expected @param tag for 'allPanelsElements'. [JavadocMethod]
[ant:checkstyle] [ERROR] C:\Users\Pietro\Desktop\provaproge\OOP24-Poke-Rogue\src\main\java\it\unibo\pokerogue\view\impl\scene\shop\SceneShopView.java:79:40: Expected @param tag for 'graphicElementNameToInt'. [JavadocMethod]
[ant:checkstyle] [ERROR] C:\Users\Pietro\Desktop\provaproge\OOP24-Poke-Rogue\src\main\java\it\unibo\pokerogue\view\impl\scene\shop\SceneShopView.java:79:81: Expected @param tag for 'sceneInstance'. [JavadocMethod]

> Task :checkstyleMain FAILED
C:\Users\Pietro\Desktop\provaproge\OOP24-Poke-Rogue\src\main\java\it\unibo\pokerogue\controller\impl\InputHandlerImpl.java:31:	AvoidPrintStackTrace:	Avoid printStackTrace(); use a logger call instead.
C:\Users\Pietro\Desktop\provaproge\OOP24-Poke-Rogue\src\main\java\it\unibo\pokerogue\controller\impl\InputHandlerImpl.java:32:	PreserveStackTrace:	Thrown exception does not preserve the stack trace of exception 'e' on all code paths
C:\Users\Pietro\Desktop\provaproge\OOP24-Poke-Rogue\src\main\java\it\unibo\pokerogue\controller\impl\InputHandlerImpl.java:45:	AvoidPrintStackTrace:	Avoid printStackTrace(); use a logger call instead.

> Task :spotbugsMain
M V MS: Public static it.unibo.pokerogue.model.impl.trainer.PlayerTrainerImpl.getTrainerInstance() may expose internal representation by returning PlayerTrainerImpl.instanceOfTrainer  At PlayerTrainerImpl.java:[line 33]
M B RV: Exceptional return value of java.io.File.createNewFile() ignored in it.unibo.pokerogue.model.impl.SavingSystemImpl.saveData(String, String)  At SavingSystemImpl.java:[line 64]

C:\Users\Pietro\Desktop\provaproge\OOP24-Poke-Rogue\src\main\java\it\unibo\pokerogue\controller\impl\scene\SceneShop.java:88:	ConstructorCallsOverridableMethod:	Overridable method called during object construction: SceneShop.initGraphicElements() 
C:\Users\Pietro\Desktop\provaproge\OOP24-Poke-Rogue\src\main\java\it\unibo\pokerogue\controller\impl\scene\SceneShop.java:215:	UnusedFormalParameter:	Avoid unused method parameters such as 'sceneShopView'.
C:\Users\Pietro\Desktop\provaproge\OOP24-Poke-Rogue\src\main\java\it\unibo\pokerogue\controller\impl\scene\SceneShop.java:267:	UnusedFormalParameter:	Avoid unused method parameters such as 'itemFactoryInstance'.
C:\Users\Pietro\Desktop\provaproge\OOP24-Poke-Rogue\src\main\java\it\unibo\pokerogue\model\api\pokemon\PokemonImpl.java:30:	ImmutableField:	Field 'moveFactoryInstance' may be declared final
C:\Users\Pietro\Desktop\provaproge\OOP24-Poke-Rogue\src\main\java\it\unibo\pokerogue\model\api\pokemon\PokemonImpl.java:128:	UseEnumCollections:	This collection could be an EnumMap
C:\Users\Pietro\Desktop\provaproge\OOP24-Poke-Rogue\src\main\java\it\unibo\pokerogue\model\api\pokemon\PokemonImpl.java:133:	UseEnumCollections:	This collection could be an EnumMap
C:\Users\Pietro\Desktop\provaproge\OOP24-Poke-Rogue\src\main\java\it\unibo\pokerogue\model\api\pokemon\PokemonImpl.java:142:	UseEnumCollections:	This collection could be an EnumMap
C:\Users\Pietro\Desktop\provaproge\OOP24-Poke-Rogue\src\main\java\it\unibo\pokerogue\model\api\pokemon\PokemonImpl.java:164:	UseEnumCollections:	This collection could be an EnumMap
C:\Users\Pietro\Desktop\provaproge\OOP24-Poke-Rogue\src\main\java\it\unibo\pokerogue\model\api\pokemon\PokemonImpl.java:201:	UseEnumCollections:	This collection could be an EnumMap
C:\Users\Pietro\Desktop\provaproge\OOP24-Poke-Rogue\src\main\java\it\unibo\pokerogue\model\api\pokemon\PokemonImpl.java:355:	UseEnumCollections:	This collection could be an EnumMap
C:\Users\Pietro\Desktop\provaproge\OOP24-Poke-Rogue\src\main\java\it\unibo\pokerogue\model\impl\RangeImpl.java:95:	MissingOverride:	The method 'copyOf()' is missing an @Override annotation.
C:\Users\Pietro\Desktop\provaproge\OOP24-Poke-Rogue\src\main\java\it\unibo\pokerogue\model\impl\RangeImpl.java:96:	UseDiamondOperator:	Explicit type arguments can be replaced by a diamond: `new RangeImpl<>(...)`
C:\Users\Pietro\Desktop\provaproge\OOP24-Poke-Rogue\src\main\java\it\unibo\pokerogue\model\impl\Singleton.java:12:	UseUtilityClass:	This utility class has a non-private constructor
C:\Users\Pietro\Desktop\provaproge\OOP24-Poke-Rogue\src\main\java\it\unibo\pokerogue\model\impl\pokemon\PokemonFactoryImpl.java:55:	AvoidDuplicateLiterals:	The String literal "main" appears 4 times in this file; the first occurrence is on line 55
C:\Users\Pietro\Desktop\provaproge\OOP24-Poke-Rogue\src\main\java\it\unibo\pokerogue\model\impl\pokemon\PokemonFactoryImpl.java:55:	AvoidDuplicateLiterals:	The String literal "resources" appears 4 times in this file; the first occurrence is on line 55
C:\Users\Pietro\Desktop\provaproge\OOP24-Poke-Rogue\src\main\java\it\unibo\pokerogue\model\impl\pokemon\PokemonFactoryImpl.java:167:	UseEnumCollections:	This collection could be an EnumMap
C:\Users\Pietro\Desktop\provaproge\OOP24-Poke-Rogue\src\main\java\it\unibo\pokerogue\model\impl\trainer\TrainerImpl.java:111:	UnnecessarySemicolon:	Unnecessary semicolon
C:\Users\Pietro\Desktop\provaproge\OOP24-Poke-Rogue\src\main\java\it\unibo\pokerogue\utilities\impl\JsonReaderImpl.java:65:	UnnecessaryModifier:	Unnecessary modifier 'final' on resource specification 'writer': resource specifications are implicitly final

> Task :pmdMain FAILED

> Task :spotbugsMain FAILED
M C SING: Class (it.unibo.pokerogue.model.impl.Singleton) using singleton design pattern has non-private constructor.  At Singleton.java:[lines 21-23]
M V EI2: new it.unibo.pokerogue.view.impl.scene.save.SceneSaveUpdateView(GraphicElementsRegistry, int) may expose internal representation by storing an externally mutable object into SceneSaveUpdateView.currentSceneGraphicElements  At SceneSaveUpdateView.java:[line 26]
M V EI2: it.unibo.pokerogue.model.api.move.Move.setPp(Range) may expose internal representation by storing an externally mutable object into Move.pp  At Move.java:[line 16]
M V EI: it.unibo.pokerogue.model.api.move.Move.getPp() may expose internal representation by returning Move.pp  At Move.java:[line 20]
M V EI2: new it.unibo.pokerogue.model.api.move.Move(String, Range, boolean, Optional, int, int, int, int, double, boolean, Type, int) may expose internal representation by storing an externally mutable object into Move.pp  At Move.java:[line 17]
M V EI2: new it.unibo.pokerogue.model.impl.graphic.SpriteElementImpl(String, Image, double, double, double, double) may expose internal representation by storing an externally mutable object into SpriteElementImpl.spriteImage  At SpriteElementImpl.java:[line 106]
H B DMI: Random object created and used only once in it.unibo.pokerogue.model.enums.Nature.getRandomNature()  At Nature.java:[line 150]
M P WMI: it.unibo.pokerogue.model.api.pokemon.PokemonImpl.initLevelMovesLearn(Map) makes inefficient use of keySet iterator instead of entrySet iterator  At PokemonImpl.java:[line 183]
M P WMI: it.unibo.pokerogue.model.api.pokemon.PokemonImpl.initActualMoves() makes inefficient use of keySet iterator instead of entrySet iterator  At PokemonImpl.java:[line 191]
M P WMI: it.unibo.pokerogue.model.api.pokemon.PokemonImpl.increaseEv(Map) makes inefficient use of keySet iterator instead of entrySet iterator  At PokemonImpl.java:[line 309]
M D ICAST: Integral division result cast to double or float in it.unibo.pokerogue.model.api.pokemon.PokemonImpl.calculateActualStats()  At PokemonImpl.java:[line 204]
M V EI: it.unibo.pokerogue.model.impl.pokemon.PokemonFactoryImpl.getAllPokemonList() may expose internal representation by returning PokemonFactoryImpl.allPokemonSet  At PokemonFactoryImpl.java:[line 143]
M P WMI: it.unibo.pokerogue.model.impl.pokemon.PokemonFactoryImpl.statsMap(JSONObject) makes inefficient use of keySet iterator instead of entrySet iterator  At PokemonFactoryImpl.java:[line 170]
M V EI: it.unibo.pokerogue.model.impl.item.ItemFactoryImpl.getAllItemList() may expose internal representation by returning ItemFactoryImpl.allItemSet  At ItemFactoryImpl.java:[line 139]
M V EI2: new it.unibo.pokerogue.view.impl.scene.fight.SceneFightUpdateView(GraphicElementsRegistry, Map, int, int, SceneFight, GraphicElementsRegistry, Map) may expose internal representation by storing an externally mutable object into SceneFightUpdateView.sceneInstance  At SceneFightUpdateView.java:[line 65]
M V EI2: new it.unibo.pokerogue.view.impl.scene.fight.SceneFightUpdateView(GraphicElementsRegistry, Map, int, int, SceneFight, GraphicElementsRegistry, Map) may expose internal representation by storing an externally mutable object into SceneFightUpdateView.currentSceneGraphicElements  At SceneFightUpdateView.java:[line 62]
M V EI2: new it.unibo.pokerogue.view.impl.scene.fight.SceneFightUpdateView(GraphicElementsRegistry, Map, int, int, SceneFight, GraphicElementsRegistry, Map) may expose internal representation by storing an externally mutable object into SceneFightUpdateView.allPanelsElements  At SceneFightUpdateView.java:[line 63]
M V EI2: new it.unibo.pokerogue.view.impl.scene.fight.SceneFightUpdateView(GraphicElementsRegistry, Map, int, int, SceneFight, GraphicElementsRegistry, Map) may expose internal representation by storing an externally mutable object into SceneFightUpdateView.graphicElementNameToInt  At SceneFightUpdateView.java:[line 68]
M V EI2: new it.unibo.pokerogue.view.impl.scene.fight.SceneFightUpdateView(GraphicElementsRegistry, Map, int, int, SceneFight, GraphicElementsRegistry, Map) may expose internal representation by storing an externally mutable object into SceneFightUpdateView.graphicElements  At SceneFightUpdateView.java:[line 67]
M V EI: it.unibo.pokerogue.controller.api.scene.Scene.getGraphicElementNameToInt() may expose internal representation by returning Scene.graphicElementNameToInt  At Scene.java:[line 151]
M V EI: it.unibo.pokerogue.controller.api.scene.Scene.getGraphicElements() may expose internal representation by returning Scene.graphicElements  At Scene.java:[line 141]
M V EI2: new it.unibo.pokerogue.view.impl.scene.fight.SceneFightInitView(GraphicElementsRegistry, Map, TrainerImpl, GraphicElementsRegistry) may expose internal representation by storing an externally mutable object into SceneFightInitView.allPanelsElements  At SceneFightInitView.java:[line 48]
M V EI2: new it.unibo.pokerogue.view.impl.scene.fight.SceneFightInitView(GraphicElementsRegistry, Map, TrainerImpl, GraphicElementsRegistry) may expose internal representation by storing an externally mutable object into SceneFightInitView.currentSceneGraphicElements  At SceneFightInitView.java:[line 47]
M V EI2: new it.unibo.pokerogue.view.impl.scene.fight.SceneFightInitView(GraphicElementsRegistry, Map, TrainerImpl, GraphicElementsRegistry) may expose internal representation by storing an externally mutable object into SceneFightInitView.enemyTrainerInstance  At SceneFightInitView.java:[line 50]
M V EI2: new it.unibo.pokerogue.view.impl.scene.fight.SceneFightInitView(GraphicElementsRegistry, Map, TrainerImpl, GraphicElementsRegistry) may expose internal representation by storing an externally mutable object into SceneFightInitView.graphicElements  At SceneFightInitView.java:[line 51]
H B DMI: Random object created and used only once in it.unibo.pokerogue.model.impl.GenerateEnemyImpl.generateWildPokemon()  At GenerateEnemyImpl.java:[line 80]
H B DMI: Random object created and used only once in it.unibo.pokerogue.model.impl.GenerateEnemyImpl.generateTrainerTeam()  At GenerateEnemyImpl.java:[line 101]
M V EI2: new it.unibo.pokerogue.model.impl.GenerateEnemyImpl(Integer, TrainerImpl) may expose internal representation by storing an externally mutable object into GenerateEnemyImpl.enemyTrainerInstance  At GenerateEnemyImpl.java:[line 44]
M V EI2: new it.unibo.pokerogue.view.impl.scene.fight.SceneFightView(GraphicElementsRegistry, Map, TrainerImpl, int, int, SceneFight, GraphicElementsRegistry, Map) may expose internal representation by storing an externally mutable object into SceneFightView.sceneGraphicElements  At SceneFightView.java:[line 46]
M V EI2: new it.unibo.pokerogue.controller.impl.scene.fight.BattleEngineImpl(TrainerImpl, EnemyAi) may expose internal representation by storing an externally mutable object into BattleEngineImpl.enemyTrainerInstance  At BattleEngineImpl.java:[line 78]
M V EI: it.unibo.pokerogue.controller.impl.scene.fight.SceneFight.getAllPanelsElements() may expose internal representation by returning SceneFight.allPanelsElements  At SceneFight.java:[line 51]
M V EI: it.unibo.pokerogue.controller.impl.scene.fight.SceneFight.getCurrentSceneGraphicElements() may expose internal representation by returning SceneFight.currentSceneGraphicElements  At SceneFight.java:[line 49]
L D BC: Unchecked/unconfirmed cast from it.unibo.pokerogue.model.impl.graphic.GraphicElementImpl to it.unibo.pokerogue.model.impl.graphic.TextElementImpl of return value in it.unibo.pokerogue.utilities.SceneShopUtilities.updateItemDescription(GraphicElementsRegistry, Item)  At SceneShopUtilities.java:[line 131]
L D BC: Unchecked/unconfirmed cast from it.unibo.pokerogue.model.impl.graphic.GraphicElementImpl to it.unibo.pokerogue.model.impl.graphic.TextElementImpl of return value in it.unibo.pokerogue.utilities.SceneShopUtilities.updatePlayerMoneyText(GraphicElementsRegistry, PlayerTrainerImpl)  At SceneShopUtilities.java:[line 186]
M V EI2: new it.unibo.pokerogue.view.impl.scene.save.SceneSaveInitView(GraphicElementsRegistry, GraphicElementsRegistry, Map) may expose internal representation by storing an externally mutable object into SceneSaveInitView.graphicElements  At SceneSaveInitView.java:[line 41]
M V EI2: new it.unibo.pokerogue.view.impl.scene.save.SceneSaveInitView(GraphicElementsRegistry, GraphicElementsRegistry, Map) may expose internal representation by storing an externally mutable object into SceneSaveInitView.allPanelsElements  At SceneSaveInitView.java:[line 42]
M V EI2: new it.unibo.pokerogue.view.impl.scene.save.SceneSaveInitView(GraphicElementsRegistry, GraphicElementsRegistry, Map) may expose internal representation by storing an externally mutable object into SceneSaveInitView.currentSceneGraphicElements  At SceneSaveInitView.java:[line 40]
M D ICAST: Integral division result cast to double or float in it.unibo.pokerogue.view.impl.scene.SceneBoxView.initGraphicElements(GraphicElementsRegistry, Map, GraphicElementsRegistry)  At SceneBoxView.java:[line 68]
M D ICAST: Integral division result cast to double or float in it.unibo.pokerogue.view.impl.scene.SceneBoxView.loadPokemonSprites(List, int, GraphicElementsRegistry)  At SceneBoxView.java:[line 107]
M V EI2: new it.unibo.pokerogue.view.impl.scene.SceneMenuView(GraphicElementsRegistry) may expose internal representation by storing an externally mutable object into SceneMenuView.graphicElements  At SceneMenuView.java:[line 32]
M V EI2: new it.unibo.pokerogue.view.impl.scene.save.SceneSaveView(GraphicElementsRegistry, GraphicElementsRegistry, Map, int) may expose internal representation by storing an externally mutable object into SceneSaveView.graphicElements  At SceneSaveView.java:[line 38]
M V EI2: new it.unibo.pokerogue.view.impl.scene.save.SceneSaveView(GraphicElementsRegistry, GraphicElementsRegistry, Map, int) may expose internal representation by storing an externally mutable object into SceneSaveView.currentSceneGraphicElements  At SceneSaveView.java:[line 37]
L V MC: Overridable method initGraphicElements is called from constructor new it.unibo.pokerogue.controller.impl.scene.SceneShop().  At SceneShop.java:[line 88]

[Incubating] Problems report is available at: file:///C:/Users/Pietro/Desktop/provaproge/OOP24-Poke-Rogue/build/reports/problems/problems-report.html

FAILURE: Build completed with 5 failures.

1: Task failed with an exception.
-----------
* What went wrong:
Execution failed for task ':checkstyleTest'.
> A failure occurred while executing org.gradle.api.plugins.quality.internal.CheckstyleAction
   > Checkstyle rule violations were found. See the report at: file:///C:/Users/Pietro/Desktop/provaproge/OOP24-Poke-Rogue/build/reports/checkstyle/test.html
     Checkstyle files with violations: 1
     Checkstyle violations by severity: [error:9]


* Try:
> Run with --scan to get full insights.
==============================================================================

2: Task failed with an exception.
-----------
* What went wrong:
Execution failed for task ':pmdTest'.
> A failure occurred while executing org.gradle.api.plugins.quality.internal.PmdAction
   > 7 PMD rule violations were found. See the report at: file:///C:/Users/Pietro/Desktop/provaproge/OOP24-Poke-Rogue/build/reports/pmd/test.html

* Try:
> Run with --scan to get full insights.
==============================================================================

3: Task failed with an exception.
-----------
* What went wrong:
Execution failed for task ':checkstyleMain'.
> A failure occurred while executing org.gradle.api.plugins.quality.internal.CheckstyleAction
   > Checkstyle rule violations were found. See the report at: file:///C:/Users/Pietro/Desktop/provaproge/OOP24-Poke-Rogue/build/reports/checkstyle/main.html
     Checkstyle files with violations: 43
     Checkstyle violations by severity: [error:81]


* Try:
> Run with --scan to get full insights.
==============================================================================

4: Task failed with an exception.
-----------
* What went wrong:
Execution failed for task ':pmdMain'.
> A failure occurred while executing org.gradle.api.plugins.quality.internal.PmdAction
   > 22 PMD rule violations were found. See the report at: file:///C:/Users/Pietro/Desktop/provaproge/OOP24-Poke-Rogue/build/reports/pmd/main.html

* Try:
> Run with --scan to get full insights.
==============================================================================

5: Task failed with an exception.
-----------
* What went wrong:
Execution failed for task ':spotbugsMain'.
> A failure occurred while executing com.github.spotbugs.snom.internal.SpotBugsRunnerForHybrid$SpotBugsExecutor
   > Verification failed: SpotBugs ended with exit code 1.

* Try:
> Run with --stacktrace option to get the stack trace.
> Run with --info or --debug option to get more log output.
> Run with --scan to get full insights.
> Get more help at https://help.gradle.org.
==============================================================================

Deprecated Gradle features were used in this build, making it incompatible with Gradle 9.0.

You can use '--warning-mode all' to show the individual deprecation warnings and determine if they come from your own scripts or plugins.

For more on this, please refer to https://docs.gradle.org/8.12.1/userguide/command_line_interface.html#sec:command_line_warnings in the Gradle documentation.

BUILD FAILED in 18s
21 actionable tasks: 21 executed
